# JRE version: OpenJDK Runtime Environment (16.0.2+7) (build 16.0.2+7-67)
# Java VM: OpenJDK 64-Bit Server VM (16.0.2+7-67, mixed mode, tiered, compressed oops, compressed class ptrs, g1 gc, windows-amd64)
GC Precious Log:
 CPUs: 4 total, 4 available
 Memory: 1948M
 Large Page Support: Disabled
 NUMA Support: Disabled
 Compressed Oops: Enabled (32-bit)
 Heap Region Size: 1M
 Heap Min Capacity: 8M
 Heap Initial Capacity: 32M
 Heap Max Capacity: 488M
 Pre-touch: Disabled
 Parallel Workers: 4
 Concurrent Workers: 1
 Concurrent Refinement Workers: 4
 Periodic GC: Disabled
Heap:
 garbage-first heap   total 58368K, used 36559K [0x00000000e1800000, 0x0000000100000000)
  region size 1024K, 6 young (6144K), 1 survivors (1024K)
 Metaspace       used 37915K, committed 38208K, reserved 1089536K
  class space    used 4403K, committed 4544K, reserved 1048576K
GC Heap History (20 events):
Event: 4.278 GC heap before
{Heap before GC invocations=2 (full 0):
 garbage-first heap   total 32768K, used 15175K [0x00000000e1800000, 0x0000000100000000)
  region size 1024K, 12 young (12288K), 2 survivors (2048K)
 Metaspace       used 15906K, committed 16064K, reserved 1064960K
  class space    used 1597K, committed 1664K, reserved 1048576K
}
Event: 4.282 GC heap after
{Heap after GC invocations=3 (full 0):
 garbage-first heap   total 32768K, used 7315K [0x00000000e1800000, 0x0000000100000000)
  region size 1024K, 2 young (2048K), 2 survivors (2048K)
 Metaspace       used 15906K, committed 16064K, reserved 1064960K
  class space    used 1597K, committed 1664K, reserved 1048576K
}
Event: 5.313 GC heap before
{Heap before GC invocations=3 (full 0):
 garbage-first heap   total 32768K, used 18579K [0x00000000e1800000, 0x0000000100000000)
  region size 1024K, 13 young (13312K), 2 survivors (2048K)
 Metaspace       used 20775K, committed 21056K, reserved 1073152K
  class space    used 2141K, committed 2304K, reserved 1048576K
}
Event: 5.317 GC heap after
{Heap after GC invocations=4 (full 0):
 garbage-first heap   total 32768K, used 8898K [0x00000000e1800000, 0x0000000100000000)
  region size 1024K, 2 young (2048K), 2 survivors (2048K)
 Metaspace       used 20775K, committed 21056K, reserved 1073152K
  class space    used 2141K, committed 2304K, reserved 1048576K
}
Event: 5.351 GC heap before
{Heap before GC invocations=4 (full 0):
 garbage-first heap   total 32768K, used 9922K [0x00000000e1800000, 0x0000000100000000)
  region size 1024K, 4 young (4096K), 2 survivors (2048K)
 Metaspace       used 21013K, committed 21248K, reserved 1073152K
  class space    used 2165K, committed 2304K, reserved 1048576K
}
Event: 5.354 GC heap after
{Heap after GC invocations=5 (full 0):
 garbage-first heap   total 32768K, used 9474K [0x00000000e1800000, 0x0000000100000000)
  region size 1024K, 1 young (1024K), 1 survivors (1024K)
 Metaspace       used 21013K, committed 21248K, reserved 1073152K
  class space    used 2165K, committed 2304K, reserved 1048576K
}
Event: 6.248 GC heap before
{Heap before GC invocations=6 (full 0):
 garbage-first heap   total 32768K, used 19714K [0x00000000e1800000, 0x0000000100000000)
  region size 1024K, 12 young (12288K), 1 survivors (1024K)
 Metaspace       used 24199K, committed 24448K, reserved 1073152K
  class space    used 2557K, committed 2688K, reserved 1048576K
}
Event: 6.256 GC heap after
{Heap after GC invocations=7 (full 0):
 garbage-first heap   total 32768K, used 11106K [0x00000000e1800000, 0x0000000100000000)
  region size 1024K, 2 young (2048K), 2 survivors (2048K)
 Metaspace       used 24199K, committed 24448K, reserved 1073152K
  class space    used 2557K, committed 2688K, reserved 1048576K
}
Event: 7.648 GC heap before
{Heap before GC invocations=8 (full 0):
 garbage-first heap   total 32768K, used 21346K [0x00000000e1800000, 0x0000000100000000)
  region size 1024K, 12 young (12288K), 2 survivors (2048K)
 Metaspace       used 26768K, committed 26944K, reserved 1073152K
  class space    used 2910K, committed 3008K, reserved 1048576K
}
Event: 7.651 GC heap after
{Heap after GC invocations=9 (full 0):
 garbage-first heap   total 32768K, used 11684K [0x00000000e1800000, 0x0000000100000000)
  region size 1024K, 1 young (1024K), 1 survivors (1024K)
 Metaspace       used 26768K, committed 26944K, reserved 1073152K
  class space    used 2910K, committed 3008K, reserved 1048576K
}
Event: 8.396 GC heap before
{Heap before GC invocations=9 (full 0):
 garbage-first heap   total 32768K, used 21924K [0x00000000e1800000, 0x0000000100000000)
  region size 1024K, 11 young (11264K), 1 survivors (1024K)
 Metaspace       used 29719K, committed 29888K, reserved 1081344K
  class space    used 3293K, committed 3392K, reserved 1048576K
}
Event: 8.399 GC heap after
{Heap after GC invocations=10 (full 0):
 garbage-first heap   total 32768K, used 12517K [0x00000000e1800000, 0x0000000100000000)
  region size 1024K, 2 young (2048K), 2 survivors (2048K)
 Metaspace       used 29719K, committed 29888K, reserved 1081344K
  class space    used 3293K, committed 3392K, reserved 1048576K
}
Event: 11.207 GC heap before
{Heap before GC invocations=10 (full 0):
 garbage-first heap   total 32768K, used 22757K [0x00000000e1800000, 0x0000000100000000)
  region size 1024K, 12 young (12288K), 2 survivors (2048K)
 Metaspace       used 32703K, committed 32960K, reserved 1081344K
  class space    used 3719K, committed 3840K, reserved 1048576K
}
Event: 11.210 GC heap after
{Heap after GC invocations=11 (full 0):
 garbage-first heap   total 32768K, used 13246K [0x00000000e1800000, 0x0000000100000000)
  region size 1024K, 2 young (2048K), 2 survivors (2048K)
 Metaspace       used 32703K, committed 32960K, reserved 1081344K
  class space    used 3719K, committed 3840K, reserved 1048576K
}
Event: 11.771 GC heap before
{Heap before GC invocations=11 (full 0):
 garbage-first heap   total 32768K, used 21438K [0x00000000e1800000, 0x0000000100000000)
  region size 1024K, 11 young (11264K), 2 survivors (2048K)
 Metaspace       used 34968K, committed 35264K, reserved 1081344K
  class space    used 4024K, committed 4160K, reserved 1048576K
}
Event: 11.775 GC heap after
{Heap after GC invocations=12 (full 0):
 garbage-first heap   total 32768K, used 13838K [0x00000000e1800000, 0x0000000100000000)
  region size 1024K, 2 young (2048K), 2 survivors (2048K)
 Metaspace       used 34968K, committed 35264K, reserved 1081344K
  class space    used 4024K, committed 4160K, reserved 1048576K
}
Event: 52.138 GC heap before
{Heap before GC invocations=12 (full 0):
 garbage-first heap   total 40960K, used 38414K [0x00000000e1800000, 0x0000000100000000)
  region size 1024K, 10 young (10240K), 2 survivors (2048K)
 Metaspace       used 37023K, committed 37312K, reserved 1089536K
  class space    used 4292K, committed 4416K, reserved 1048576K
}
Event: 52.141 GC heap after
{Heap after GC invocations=13 (full 0):
 garbage-first heap   total 43008K, used 32067K [0x00000000e1800000, 0x0000000100000000)
  region size 1024K, 2 young (2048K), 2 survivors (2048K)
 Metaspace       used 37023K, committed 37312K, reserved 1089536K
  class space    used 4292K, committed 4416K, reserved 1048576K
}
Event: 481.675 GC heap before
{Heap before GC invocations=13 (full 0):
 garbage-first heap   total 43008K, used 35139K [0x00000000e1800000, 0x0000000100000000)
  region size 1024K, 5 young (5120K), 2 survivors (2048K)
 Metaspace       used 37641K, committed 38016K, reserved 1089536K
  class space    used 4364K, committed 4544K, reserved 1048576K
}
Event: 481.679 GC heap after
{Heap after GC invocations=14 (full 0):
 garbage-first heap   total 43008K, used 32556K [0x00000000e1800000, 0x0000000100000000)
  region size 1024K, 1 young (1024K), 1 survivors (1024K)
 Metaspace       used 37641K, committed 38016K, reserved 1089536K
  class space    used 4364K, committed 4544K, reserved 1048576K
}

