<?xml version="1.0" encoding="UTF-8"?>
<!-- Generated by org.testng.reporters.JUnitXMLReporter -->
<testsuite ignored="0" hostname="Shohom" failures="0" tests="5" name="Default test" time="93.816" errors="0" timestamp="2022-03-05T16:07:56 IST">
  <testcase classname="maven.VerifyBillingandDeliveryAddress" name="Login" time="32.854"/>
  <testcase classname="maven.VerifyBillingandDeliveryAddress" name="validateAccount" time="27.623"/>
  <testcase classname="maven.VerifyBillingandDeliveryAddress" name="addProducts" time="11.712"/>
  <testcase classname="maven.VerifyBillingandDeliveryAddress" name="validateDeliveryAddress" time="0.137"/>
  <testcase classname="maven.VerifyBillingandDeliveryAddress" name="validateBillingAddress" time="0.112"/>
</testsuite> <!-- Default test -->
