<?xml version="1.0" encoding="UTF-8"?>
<!-- Generated by org.testng.reporters.JUnitXMLReporter -->
<testsuite ignored="0" hostname="Shohom" failures="0" tests="3" name="Test3" time="67.542" errors="0" timestamp="2022-03-03T13:12:13 IST">
  <testcase classname="maven.SearchProductsandVerifyCartAfterLogin" name="launchPage" time="17.602"/>
  <testcase classname="maven.SearchProductsandVerifyCartAfterLogin" name="searchProductsandAddtoCart" time="19.53"/>
  <testcase classname="maven.SearchProductsandVerifyCartAfterLogin" name="validateCartPageafterLogin" time="20.63"/>
</testsuite> <!-- Test3 -->
