<?xml version="1.0" encoding="UTF-8"?>
<!-- Generated by org.testng.reporters.JUnitXMLReporter -->
<testsuite ignored="0" hostname="Shohom" failures="0" tests="4" name="Test1" time="133.776" errors="0" timestamp="2022-03-03T14:07:36 IST">
  <testcase classname="maven.DownloadInvoice" name="launchPage" time="33.657"/>
  <testcase classname="maven.DownloadInvoice" name="validateQuantity" time="8.82"/>
  <testcase classname="maven.DownloadInvoice" name="accountCreation" time="19.116"/>
  <testcase classname="maven.DownloadInvoice" name="CheckOutandDownloadInvoice" time="26.032"/>
</testsuite> <!-- Test1 -->
