<?xml version="1.0" encoding="UTF-8"?>
<testsuite xmlns:xsi="http://www.w3.org/2001/XMLSchema-instance" xsi:noNamespaceSchemaLocation="https://maven.apache.org/surefire/maven-surefire-plugin/xsd/surefire-test-report-3.0.xsd" version="3.0" name="TestSuite" time="172.66" tests="6" errors="0" skipped="0" failures="0">
  <properties>
[...]
</properties>
  <testcase name="launchPage" classname="maven.DownloadInvoice" time="33.659">
    <system-out><![CDATA[chrome
14:06:05.604 [main] INFO  pageObjectRepository.baseClass - Driver initialized
14:06:06.503 [main] INFO  pageObjectRepository.baseClass - Window maximized
14:06:24.249 [main] INFO  pageObjectRepository.baseClass - Landing page loaded
14:06:24.687 [main] INFO  pageObjectRepository.baseClass - Homepage validated
]]></system-out>
    <system-err><![CDATA[SLF4J: Failed to load class "org.slf4j.impl.StaticLoggerBinder".
SLF4J: Defaulting to no-operation (NOP) logger implementation
SLF4J: See http://www.slf4j.org/codes.html#StaticLoggerBinder for further details.
Starting ChromeDriver 98.0.4758.102 (273bf7ac8c909cde36982d27f66f3c70846a3718-refs/branch-heads/4758@{#1151}) on port 64020
Only local connections are allowed.
Please see https://chromedriver.chromium.org/security-considerations for suggestions on keeping ChromeDriver safe.
ChromeDriver was started successfully.
Mar 03, 2022 2:06:01 PM org.openqa.selenium.remote.ProtocolHandshake createSession
INFO: Detected dialect: W3C
Mar 03, 2022 2:06:03 PM org.openqa.selenium.devtools.CdpVersionFinder findNearestMatch
WARNING: Unable to find an exact match for CDP version 98, so returning the closest version found: a no-op implementation
Mar 03, 2022 2:06:03 PM org.openqa.selenium.devtools.CdpVersionFinder findNearestMatch
INFO: Unable to find CDP implementation matching 98.
Mar 03, 2022 2:06:03 PM org.openqa.selenium.chromium.ChromiumDriver lambda$new$3
WARNING: Unable to find version of CDP to use for . You may need to include a dependency on a specific version of the CDP using something similar to `org.seleniumhq.selenium:selenium-devtools-v86:4.0.0` where the version ("v86") matches the version of the chromium-based browser you're using and the version number of the artifact is the same as Selenium's.
]]></system-err>
  </testcase>
  <testcase name="validateQuantity" classname="maven.DownloadInvoice" time="8.822">
    <system-out><![CDATA[14:06:40.299 [main] INFO  pageObjectRepository.baseClass - Text validated
14:06:40.819 [main] DEBUG pageObjectRepository.baseClass - Product added
14:06:47.328 [main] DEBUG pageObjectRepository.baseClass - Cart Page opened
14:06:49.066 [main] DEBUG pageObjectRepository.baseClass - login page opened
]]></system-out>
  </testcase>
  <testcase name="accountCreation" classname="maven.DownloadInvoice" time="19.117">
    <system-out><![CDATA[14:06:49.071 [main] INFO  pageObjectRepository.baseClass - Text validated
14:06:50.860 [main] DEBUG pageObjectRepository.baseClass - A/c creation page opened
14:06:54.191 [main] DEBUG pageObjectRepository.baseClass - All information entered successfully
14:06:58.224 [main] INFO  pageObjectRepository.baseClass - Account created
]]></system-out>
  </testcase>
  <testcase name="CheckOutandDownloadInvoice" classname="maven.DownloadInvoice" time="26.081">
    <system-out><![CDATA[14:07:16.698 [main] INFO  pageObjectRepository.baseClass - All details entered successfully
]]></system-out>
  </testcase>
  <testcase name="scrollDown" classname="maven.ScrollUpandDownPage" time="6.878">
    <system-out><![CDATA[chrome
14:07:44.412 [main] INFO  pageObjectRepository.baseClass - Driver initialized
14:07:44.534 [main] INFO  pageObjectRepository.baseClass - Window maximized
14:07:50.744 [main] INFO  pageObjectRepository.baseClass - Landing page loaded
14:07:50.746 [main] INFO  pageObjectRepository.baseClass - Homepage validated
14:07:52.824 [main] INFO  pageObjectRepository.baseClass - Text validated
]]></system-out>
    <system-err><![CDATA[Starting ChromeDriver 98.0.4758.102 (273bf7ac8c909cde36982d27f66f3c70846a3718-refs/branch-heads/4758@{#1151}) on port 51920
Only local connections are allowed.
Please see https://chromedriver.chromium.org/security-considerations for suggestions on keeping ChromeDriver safe.
ChromeDriver was started successfully.
Mar 03, 2022 2:07:42 PM org.openqa.selenium.remote.ProtocolHandshake createSession
INFO: Detected dialect: W3C
Mar 03, 2022 2:07:42 PM org.openqa.selenium.devtools.CdpVersionFinder findNearestMatch
WARNING: Unable to find an exact match for CDP version 98, so returning the closest version found: a no-op implementation
Mar 03, 2022 2:07:42 PM org.openqa.selenium.devtools.CdpVersionFinder findNearestMatch
INFO: Unable to find CDP implementation matching 98.
Mar 03, 2022 2:07:42 PM org.openqa.selenium.chromium.ChromiumDriver lambda$new$3
WARNING: Unable to find version of CDP to use for . You may need to include a dependency on a specific version of the CDP using something similar to `org.seleniumhq.selenium:selenium-devtools-v86:4.0.0` where the version ("v86") matches the version of the chromium-based browser you're using and the version number of the artifact is the same as Selenium's.
]]></system-err>
  </testcase>
  <testcase name="scrollUp" classname="maven.ScrollUpandDownPage" time="11.85">
    <system-out><![CDATA[14:08:01.678 [main] INFO  pageObjectRepository.baseClass - Landing page loaded
14:08:01.691 [main] INFO  pageObjectRepository.baseClass - Homepage validated
]]></system-out>
  </testcase>
</testsuite>